<?xml version="1.0" encoding="UTF-8"?>
<!-- Generated by org.testng.reporters.JUnitReportReporter -->
<testsuite hostname="Nethra" failures="0" tests="1" name="TestCases.CustomerModule" time="16.786" errors="0" timestamp="2024-10-08T18:23:12 IST" skipped="0">
  <testcase classname="TestCases.CustomerModule" name="Login" time="16.786"/>
</testsuite> <!-- TestCases.CustomerModule -->
